<?xml version="1.0" encoding="UTF-8"?>
<!-- Generated by org.testng.reporters.JUnitReportReporter -->
<testsuite skipped="0" hostname="DELL" name="FormBuilderTest.AddWorkFlow" tests="3" failures="0" timestamp="26 Feb 2019 14:23:20 GMT" time="19.888" errors="0">
  <testcase name="invalidToken" time="1.598" classname="FormBuilderTest.AddWorkFlow"/>
  <testcase name="AddWorkFlow" time="16.638" classname="FormBuilderTest.AddWorkFlow"/>
  <testcase name="invalidOrganization" time="1.652" classname="FormBuilderTest.AddWorkFlow"/>
</testsuite> <!-- FormBuilderTest.AddWorkFlow -->
