<?xml version="1.0" encoding="UTF-8"?>
<!-- Generated by org.testng.reporters.JUnitReportReporter -->
<testsuite skipped="0" hostname="DELL" name="FormBuilderTest.AllModulesTesting" tests="3" failures="0" timestamp="27 Feb 2019 06:34:41 GMT" time="19.853" errors="0">
  <testcase name="invalidOrganization" time="1.625" classname="FormBuilderTest.AllModulesTesting"/>
  <testcase name="invalidToken" time="1.610" classname="FormBuilderTest.AllModulesTesting"/>
  <testcase name="WorkFlowModule" time="16.618" classname="FormBuilderTest.AllModulesTesting"/>
</testsuite> <!-- FormBuilderTest.AllModulesTesting -->
