<?xml version="1.0" encoding="UTF-8"?>
<!-- Generated by org.testng.reporters.JUnitReportReporter -->
<testsuite skipped="0" hostname="DELL" name="Modules.WorkFlowModule" tests="1" failures="0" timestamp="26 Feb 2019 07:24:17 GMT" time="15.613" errors="0">
  <testcase name="testWorkflow" time="15.613" classname="Modules.WorkFlowModule"/>
</testsuite> <!-- Modules.WorkFlowModule -->
