<?xml version="1.0" encoding="UTF-8"?>
<!-- Generated by org.testng.reporters.JUnitReportReporter -->
<testsuite skipped="0" hostname="DELL" name="FormBuilderTest.EditWorkFlow" tests="3" failures="0" timestamp="26 Feb 2019 09:18:50 GMT" time="7.852" errors="0">
  <testcase name="invalidOrganization" time="1.692" classname="FormBuilderTest.EditWorkFlow"/>
  <testcase name="invalidToken" time="1.595" classname="FormBuilderTest.EditWorkFlow"/>
  <testcase name="EditWorkFlow" time="4.565" classname="FormBuilderTest.EditWorkFlow"/>
</testsuite> <!-- FormBuilderTest.EditWorkFlow -->
